<?xml version="1.0" encoding="UTF-8"?>
<testsuite xmlns:xsi="http://www.w3.org/2001/XMLSchema-instance" xsi:noNamespaceSchemaLocation="https://maven.apache.org/surefire/maven-surefire-plugin/xsd/surefire-test-report.xsd" name="com.ingeniom22.tugasbesarpbo.TugasbesarpboApplicationTests" time="26.554" tests="1" errors="0" skipped="0" failures="0">
  <properties>
    <property name="java.specification.version" value="17"/>
    <property name="sun.cpu.isalist" value="amd64"/>
    <property name="sun.jnu.encoding" value="Cp1252"/>
    <property name="java.class.path" value="C:\Users\james\Desktop\COOLYEAH\SISFO SEMESTER 3\PBO\tribuo-spring-oop\target\test-classes;C:\Users\james\Desktop\COOLYEAH\SISFO SEMESTER 3\PBO\tribuo-spring-oop\target\classes;C:\Users\james\.m2\repository\org\springframework\boot\spring-boot-starter-web\3.0.0\spring-boot-starter-web-3.0.0.jar;C:\Users\james\.m2\repository\org\springframework\boot\spring-boot-starter\3.0.0\spring-boot-starter-3.0.0.jar;C:\Users\james\.m2\repository\org\springframework\boot\spring-boot\3.0.0\spring-boot-3.0.0.jar;C:\Users\james\.m2\repository\org\springframework\boot\spring-boot-autoconfigure\3.0.0\spring-boot-autoconfigure-3.0.0.jar;C:\Users\james\.m2\repository\org\springframework\boot\spring-boot-starter-logging\3.0.0\spring-boot-starter-logging-3.0.0.jar;C:\Users\james\.m2\repository\ch\qos\logback\logback-classic\1.4.5\logback-classic-1.4.5.jar;C:\Users\james\.m2\repository\ch\qos\logback\logback-core\1.4.5\logback-core-1.4.5.jar;C:\Users\james\.m2\repository\org\apache\logging\log4j\log4j-to-slf4j\2.19.0\log4j-to-slf4j-2.19.0.jar;C:\Users\james\.m2\repository\org\apache\logging\log4j\log4j-api\2.19.0\log4j-api-2.19.0.jar;C:\Users\james\.m2\repository\org\slf4j\jul-to-slf4j\2.0.4\jul-to-slf4j-2.0.4.jar;C:\Users\james\.m2\repository\jakarta\annotation\jakarta.annotation-api\2.1.1\jakarta.annotation-api-2.1.1.jar;C:\Users\james\.m2\repository\org\yaml\snakeyaml\1.33\snakeyaml-1.33.jar;C:\Users\james\.m2\repository\org\springframework\boot\spring-boot-starter-json\3.0.0\spring-boot-starter-json-3.0.0.jar;C:\Users\james\.m2\repository\com\fasterxml\jackson\core\jackson-databind\2.14.1\jackson-databind-2.14.1.jar;C:\Users\james\.m2\repository\com\fasterxml\jackson\datatype\jackson-datatype-jdk8\2.14.1\jackson-datatype-jdk8-2.14.1.jar;C:\Users\james\.m2\repository\com\fasterxml\jackson\datatype\jackson-datatype-jsr310\2.14.1\jackson-datatype-jsr310-2.14.1.jar;C:\Users\james\.m2\repository\com\fasterxml\jackson\module\jackson-module-parameter-names\2.14.1\jackson-module-parameter-names-2.14.1.jar;C:\Users\james\.m2\repository\org\springframework\boot\spring-boot-starter-tomcat\3.0.0\spring-boot-starter-tomcat-3.0.0.jar;C:\Users\james\.m2\repository\org\apache\tomcat\embed\tomcat-embed-core\10.1.1\tomcat-embed-core-10.1.1.jar;C:\Users\james\.m2\repository\org\apache\tomcat\embed\tomcat-embed-el\10.1.1\tomcat-embed-el-10.1.1.jar;C:\Users\james\.m2\repository\org\apache\tomcat\embed\tomcat-embed-websocket\10.1.1\tomcat-embed-websocket-10.1.1.jar;C:\Users\james\.m2\repository\org\springframework\spring-web\6.0.2\spring-web-6.0.2.jar;C:\Users\james\.m2\repository\org\springframework\spring-beans\6.0.2\spring-beans-6.0.2.jar;C:\Users\james\.m2\repository\io\micrometer\micrometer-observation\1.10.2\micrometer-observation-1.10.2.jar;C:\Users\james\.m2\repository\io\micrometer\micrometer-commons\1.10.2\micrometer-commons-1.10.2.jar;C:\Users\james\.m2\repository\org\springframework\spring-webmvc\6.0.2\spring-webmvc-6.0.2.jar;C:\Users\james\.m2\repository\org\springframework\spring-aop\6.0.2\spring-aop-6.0.2.jar;C:\Users\james\.m2\repository\org\springframework\spring-context\6.0.2\spring-context-6.0.2.jar;C:\Users\james\.m2\repository\org\springframework\spring-expression\6.0.2\spring-expression-6.0.2.jar;C:\Users\james\.m2\repository\org\springframework\boot\spring-boot-starter-test\3.0.0\spring-boot-starter-test-3.0.0.jar;C:\Users\james\.m2\repository\org\springframework\boot\spring-boot-test\3.0.0\spring-boot-test-3.0.0.jar;C:\Users\james\.m2\repository\org\springframework\boot\spring-boot-test-autoconfigure\3.0.0\spring-boot-test-autoconfigure-3.0.0.jar;C:\Users\james\.m2\repository\com\jayway\jsonpath\json-path\2.7.0\json-path-2.7.0.jar;C:\Users\james\.m2\repository\net\minidev\json-smart\2.4.8\json-smart-2.4.8.jar;C:\Users\james\.m2\repository\net\minidev\accessors-smart\2.4.8\accessors-smart-2.4.8.jar;C:\Users\james\.m2\repository\org\ow2\asm\asm\9.1\asm-9.1.jar;C:\Users\james\.m2\repository\org\slf4j\slf4j-api\2.0.4\slf4j-api-2.0.4.jar;C:\Users\james\.m2\repository\jakarta\xml\bind\jakarta.xml.bind-api\4.0.0\jakarta.xml.bind-api-4.0.0.jar;C:\Users\james\.m2\repository\jakarta\activation\jakarta.activation-api\2.1.0\jakarta.activation-api-2.1.0.jar;C:\Users\james\.m2\repository\org\assertj\assertj-core\3.23.1\assertj-core-3.23.1.jar;C:\Users\james\.m2\repository\net\bytebuddy\byte-buddy\1.12.19\byte-buddy-1.12.19.jar;C:\Users\james\.m2\repository\org\hamcrest\hamcrest\2.2\hamcrest-2.2.jar;C:\Users\james\.m2\repository\org\junit\jupiter\junit-jupiter\5.9.1\junit-jupiter-5.9.1.jar;C:\Users\james\.m2\repository\org\junit\jupiter\junit-jupiter-api\5.9.1\junit-jupiter-api-5.9.1.jar;C:\Users\james\.m2\repository\org\opentest4j\opentest4j\1.2.0\opentest4j-1.2.0.jar;C:\Users\james\.m2\repository\org\junit\platform\junit-platform-commons\1.9.1\junit-platform-commons-1.9.1.jar;C:\Users\james\.m2\repository\org\apiguardian\apiguardian-api\1.1.2\apiguardian-api-1.1.2.jar;C:\Users\james\.m2\repository\org\junit\jupiter\junit-jupiter-params\5.9.1\junit-jupiter-params-5.9.1.jar;C:\Users\james\.m2\repository\org\junit\jupiter\junit-jupiter-engine\5.9.1\junit-jupiter-engine-5.9.1.jar;C:\Users\james\.m2\repository\org\junit\platform\junit-platform-engine\1.9.1\junit-platform-engine-1.9.1.jar;C:\Users\james\.m2\repository\org\mockito\mockito-core\4.8.1\mockito-core-4.8.1.jar;C:\Users\james\.m2\repository\net\bytebuddy\byte-buddy-agent\1.12.19\byte-buddy-agent-1.12.19.jar;C:\Users\james\.m2\repository\org\objenesis\objenesis\3.2\objenesis-3.2.jar;C:\Users\james\.m2\repository\org\mockito\mockito-junit-jupiter\4.8.1\mockito-junit-jupiter-4.8.1.jar;C:\Users\james\.m2\repository\org\skyscreamer\jsonassert\1.5.1\jsonassert-1.5.1.jar;C:\Users\james\.m2\repository\com\vaadin\external\google\android-json\0.0.20131108.vaadin1\android-json-0.0.20131108.vaadin1.jar;C:\Users\james\.m2\repository\org\springframework\spring-core\6.0.2\spring-core-6.0.2.jar;C:\Users\james\.m2\repository\org\springframework\spring-jcl\6.0.2\spring-jcl-6.0.2.jar;C:\Users\james\.m2\repository\org\springframework\spring-test\6.0.2\spring-test-6.0.2.jar;C:\Users\james\.m2\repository\org\xmlunit\xmlunit-core\2.9.0\xmlunit-core-2.9.0.jar;C:\Users\james\.m2\repository\org\springframework\boot\spring-boot-starter-thymeleaf\3.0.0\spring-boot-starter-thymeleaf-3.0.0.jar;C:\Users\james\.m2\repository\org\thymeleaf\thymeleaf-spring6\3.1.0.RELEASE\thymeleaf-spring6-3.1.0.RELEASE.jar;C:\Users\james\.m2\repository\org\thymeleaf\thymeleaf\3.1.0.RELEASE\thymeleaf-3.1.0.RELEASE.jar;C:\Users\james\.m2\repository\org\attoparser\attoparser\2.0.6.RELEASE\attoparser-2.0.6.RELEASE.jar;C:\Users\james\.m2\repository\org\unbescape\unbescape\1.1.6.RELEASE\unbescape-1.1.6.RELEASE.jar;C:\Users\james\.m2\repository\org\tribuo\tribuo-core\4.3.0\tribuo-core-4.3.0.jar;C:\Users\james\.m2\repository\com\oracle\labs\olcut\olcut-config-protobuf\5.2.1\olcut-config-protobuf-5.2.1.jar;C:\Users\james\.m2\repository\com\google\protobuf\protobuf-java\3.19.6\protobuf-java-3.19.6.jar;C:\Users\james\.m2\repository\org\tribuo\tribuo-data\4.3.0\tribuo-data-4.3.0.jar;C:\Users\james\.m2\repository\com\opencsv\opencsv\5.6\opencsv-5.6.jar;C:\Users\james\.m2\repository\org\apache\commons\commons-text\1.9\commons-text-1.9.jar;C:\Users\james\.m2\repository\commons-beanutils\commons-beanutils\1.9.4\commons-beanutils-1.9.4.jar;C:\Users\james\.m2\repository\commons-collections\commons-collections\3.2.2\commons-collections-3.2.2.jar;C:\Users\james\.m2\repository\org\apache\commons\commons-collections4\4.4\commons-collections4-4.4.jar;C:\Users\james\.m2\repository\org\apache\commons\commons-lang3\3.12.0\commons-lang3-3.12.0.jar;C:\Users\james\.m2\repository\org\tribuo\tribuo-json\4.3.0\tribuo-json-4.3.0.jar;C:\Users\james\.m2\repository\com\oracle\labs\olcut\olcut-config-json\5.2.1\olcut-config-json-5.2.1.jar;C:\Users\james\.m2\repository\com\fasterxml\jackson\core\jackson-core\2.14.1\jackson-core-2.14.1.jar;C:\Users\james\.m2\repository\com\fasterxml\jackson\core\jackson-annotations\2.14.1\jackson-annotations-2.14.1.jar;C:\Users\james\.m2\repository\org\tribuo\tribuo-math\4.3.0\tribuo-math-4.3.0.jar;C:\Users\james\.m2\repository\org\tribuo\tribuo-common-liblinear\4.3.0\tribuo-common-liblinear-4.3.0.jar;C:\Users\james\.m2\repository\de\bwaldvogel\liblinear\2.44\liblinear-2.44.jar;C:\Users\james\.m2\repository\org\tribuo\tribuo-common-libsvm\4.3.0\tribuo-common-libsvm-4.3.0.jar;C:\Users\james\.m2\repository\tw\edu\ntu\csie\libsvm\3.25\libsvm-3.25.jar;C:\Users\james\.m2\repository\org\tribuo\tribuo-common-nearest-neighbour\4.3.0\tribuo-common-nearest-neighbour-4.3.0.jar;C:\Users\james\.m2\repository\org\tribuo\tribuo-common-sgd\4.3.0\tribuo-common-sgd-4.3.0.jar;C:\Users\james\.m2\repository\org\tribuo\tribuo-common-tree\4.3.0\tribuo-common-tree-4.3.0.jar;C:\Users\james\.m2\repository\org\tribuo\tribuo-common-xgboost\4.3.0\tribuo-common-xgboost-4.3.0.jar;C:\Users\james\.m2\repository\ml\dmlc\xgboost4j_2.12\1.6.2\xgboost4j_2.12-1.6.2.jar;C:\Users\james\.m2\repository\com\esotericsoftware\kryo\4.0.2\kryo-4.0.2.jar;C:\Users\james\.m2\repository\com\esotericsoftware\reflectasm\1.11.3\reflectasm-1.11.3.jar;C:\Users\james\.m2\repository\com\esotericsoftware\minlog\1.3.0\minlog-1.3.0.jar;C:\Users\james\.m2\repository\commons-logging\commons-logging\1.2\commons-logging-1.2.jar;C:\Users\james\.m2\repository\org\tribuo\tribuo-interop-core\4.3.0\tribuo-interop-core-4.3.0.jar;C:\Users\james\.m2\repository\org\tribuo\tribuo-oci\4.3.0\tribuo-oci-4.3.0.jar;C:\Users\james\.m2\repository\com\oracle\oci\sdk\oci-java-sdk-datascience\2.46.0\oci-java-sdk-datascience-2.46.0.jar;C:\Users\james\.m2\repository\com\oracle\oci\sdk\oci-java-sdk-common\2.46.0\oci-java-sdk-common-2.46.0.jar;C:\Users\james\.m2\repository\com\google\guava\guava\31.0.1-jre\guava-31.0.1-jre.jar;C:\Users\james\.m2\repository\com\google\guava\failureaccess\1.0.1\failureaccess-1.0.1.jar;C:\Users\james\.m2\repository\com\google\guava\listenablefuture\9999.0-empty-to-avoid-conflict-with-guava\listenablefuture-9999.0-empty-to-avoid-conflict-with-guava.jar;C:\Users\james\.m2\repository\org\checkerframework\checker-qual\3.12.0\checker-qual-3.12.0.jar;C:\Users\james\.m2\repository\com\google\errorprone\error_prone_annotations\2.7.1\error_prone_annotations-2.7.1.jar;C:\Users\james\.m2\repository\com\google\j2objc\j2objc-annotations\1.3\j2objc-annotations-1.3.jar;C:\Users\james\.m2\repository\com\google\code\findbugs\jsr305\3.0.2\jsr305-3.0.2.jar;C:\Users\james\.m2\repository\org\glassfish\jersey\core\jersey-client\3.1.0\jersey-client-3.1.0.jar;C:\Users\james\.m2\repository\jakarta\inject\jakarta.inject-api\2.0.1\jakarta.inject-api-2.0.1.jar;C:\Users\james\.m2\repository\org\glassfish\jersey\core\jersey-common\3.1.0\jersey-common-3.1.0.jar;C:\Users\james\.m2\repository\org\glassfish\hk2\osgi-resource-locator\1.0.3\osgi-resource-locator-1.0.3.jar;C:\Users\james\.m2\repository\org\glassfish\jersey\media\jersey-media-json-jackson\3.1.0\jersey-media-json-jackson-3.1.0.jar;C:\Users\james\.m2\repository\org\glassfish\jersey\ext\jersey-entity-filtering\3.1.0\jersey-entity-filtering-3.1.0.jar;C:\Users\james\.m2\repository\com\fasterxml\jackson\module\jackson-module-jakarta-xmlbind-annotations\2.14.1\jackson-module-jakarta-xmlbind-annotations-2.14.1.jar;C:\Users\james\.m2\repository\org\bouncycastle\bcpkix-jdk15on\1.70\bcpkix-jdk15on-1.70.jar;C:\Users\james\.m2\repository\org\bouncycastle\bcutil-jdk15on\1.70\bcutil-jdk15on-1.70.jar;C:\Users\james\.m2\repository\org\bouncycastle\bcprov-jdk15on\1.70\bcprov-jdk15on-1.70.jar;C:\Users\james\.m2\repository\com\nimbusds\nimbus-jose-jwt\9.15.2\nimbus-jose-jwt-9.15.2.jar;C:\Users\james\.m2\repository\com\github\stephenc\jcip\jcip-annotations\1.0-1\jcip-annotations-1.0-1.jar;C:\Users\james\.m2\repository\io\github\resilience4j\resilience4j-circuitbreaker\1.7.1\resilience4j-circuitbreaker-1.7.1.jar;C:\Users\james\.m2\repository\io\vavr\vavr\0.10.2\vavr-0.10.2.jar;C:\Users\james\.m2\repository\io\vavr\vavr-match\0.10.2\vavr-match-0.10.2.jar;C:\Users\james\.m2\repository\io\github\resilience4j\resilience4j-core\1.7.1\resilience4j-core-1.7.1.jar;C:\Users\james\.m2\repository\com\oracle\oci\sdk\oci-java-sdk-circuitbreaker\2.46.0\oci-java-sdk-circuitbreaker-2.46.0.jar;C:\Users\james\.m2\repository\org\glassfish\jersey\inject\jersey-hk2\3.1.0\jersey-hk2-3.1.0.jar;C:\Users\james\.m2\repository\org\glassfish\hk2\hk2-locator\3.0.3\hk2-locator-3.0.3.jar;C:\Users\james\.m2\repository\org\glassfish\hk2\external\aopalliance-repackaged\3.0.3\aopalliance-repackaged-3.0.3.jar;C:\Users\james\.m2\repository\org\glassfish\hk2\hk2-api\3.0.3\hk2-api-3.0.3.jar;C:\Users\james\.m2\repository\org\glassfish\hk2\hk2-utils\3.0.3\hk2-utils-3.0.3.jar;C:\Users\james\.m2\repository\org\javassist\javassist\3.28.0-GA\javassist-3.28.0-GA.jar;C:\Users\james\.m2\repository\org\glassfish\jersey\connectors\jersey-apache-connector\3.1.0\jersey-apache-connector-3.1.0.jar;C:\Users\james\.m2\repository\org\apache\httpcomponents\httpclient\4.5.13\httpclient-4.5.13.jar;C:\Users\james\.m2\repository\org\apache\httpcomponents\httpcore\4.4.15\httpcore-4.4.15.jar;C:\Users\james\.m2\repository\javax\annotation\javax.annotation-api\1.3.2\javax.annotation-api-1.3.2.jar;C:\Users\james\.m2\repository\jakarta\ws\rs\jakarta.ws.rs-api\3.1.0\jakarta.ws.rs-api-3.1.0.jar;C:\Users\james\.m2\repository\commons-codec\commons-codec\1.15\commons-codec-1.15.jar;C:\Users\james\.m2\repository\org\tribuo\tribuo-onnx\4.3.0\tribuo-onnx-4.3.0.jar;C:\Users\james\.m2\repository\com\microsoft\onnxruntime\onnxruntime\1.12.1\onnxruntime-1.12.1.jar;C:\Users\james\.m2\repository\org\tribuo\tribuo-tensorflow\4.3.0\tribuo-tensorflow-4.3.0.jar;C:\Users\james\.m2\repository\org\tensorflow\tensorflow-core-api\0.4.2\tensorflow-core-api-0.4.2.jar;C:\Users\james\.m2\repository\org\bytedeco\javacpp\1.5.6\javacpp-1.5.6.jar;C:\Users\james\.m2\repository\org\tensorflow\ndarray\0.3.3\ndarray-0.3.3.jar;C:\Users\james\.m2\repository\org\tensorflow\tensorflow-core-platform\0.4.2\tensorflow-core-platform-0.4.2.jar;C:\Users\james\.m2\repository\org\bytedeco\javacpp\1.5.6\javacpp-1.5.6-linux-x86_64.jar;C:\Users\james\.m2\repository\org\bytedeco\javacpp\1.5.6\javacpp-1.5.6-macosx-x86_64.jar;C:\Users\james\.m2\repository\org\bytedeco\javacpp\1.5.6\javacpp-1.5.6-windows-x86_64.jar;C:\Users\james\.m2\repository\org\tensorflow\tensorflow-core-api\0.4.2\tensorflow-core-api-0.4.2-linux-x86_64.jar;C:\Users\james\.m2\repository\org\tensorflow\tensorflow-core-api\0.4.2\tensorflow-core-api-0.4.2-macosx-x86_64.jar;C:\Users\james\.m2\repository\org\tensorflow\tensorflow-core-api\0.4.2\tensorflow-core-api-0.4.2-windows-x86_64.jar;C:\Users\james\.m2\repository\org\tensorflow\tensorflow-framework\0.4.2\tensorflow-framework-0.4.2.jar;C:\Users\james\.m2\repository\org\tribuo\tribuo-classification-core\4.3.0\tribuo-classification-core-4.3.0.jar;C:\Users\james\.m2\repository\org\tribuo\tribuo-classification-tree\4.3.0\tribuo-classification-tree-4.3.0.jar;C:\Users\james\.m2\repository\org\tribuo\tribuo-classification-experiments\4.3.0\tribuo-classification-experiments-4.3.0.jar;C:\Users\james\.m2\repository\org\tribuo\tribuo-classification-explanations\4.3.0\tribuo-classification-explanations-4.3.0.jar;C:\Users\james\.m2\repository\org\tribuo\tribuo-classification-fs\4.3.0\tribuo-classification-fs-4.3.0.jar;C:\Users\james\.m2\repository\org\tribuo\tribuo-classification-liblinear\4.3.0\tribuo-classification-liblinear-4.3.0.jar;C:\Users\james\.m2\repository\org\tribuo\tribuo-classification-libsvm\4.3.0\tribuo-classification-libsvm-4.3.0.jar;C:\Users\james\.m2\repository\org\tribuo\tribuo-classification-mnnaivebayes\4.3.0\tribuo-classification-mnnaivebayes-4.3.0.jar;C:\Users\james\.m2\repository\org\tribuo\tribuo-classification-sgd\4.3.0\tribuo-classification-sgd-4.3.0.jar;C:\Users\james\.m2\repository\org\tribuo\tribuo-classification-xgboost\4.3.0\tribuo-classification-xgboost-4.3.0.jar;C:\Users\james\.m2\repository\org\tribuo\tribuo-regression-core\4.3.0\tribuo-regression-core-4.3.0.jar;C:\Users\james\.m2\repository\org\tribuo\tribuo-regression-liblinear\4.3.0\tribuo-regression-liblinear-4.3.0.jar;C:\Users\james\.m2\repository\org\tribuo\tribuo-regression-libsvm\4.3.0\tribuo-regression-libsvm-4.3.0.jar;C:\Users\james\.m2\repository\org\tribuo\tribuo-regression-sgd\4.3.0\tribuo-regression-sgd-4.3.0.jar;C:\Users\james\.m2\repository\org\tribuo\tribuo-regression-slm\4.3.0\tribuo-regression-slm-4.3.0.jar;C:\Users\james\.m2\repository\org\tribuo\tribuo-regression-tree\4.3.0\tribuo-regression-tree-4.3.0.jar;C:\Users\james\.m2\repository\org\tribuo\tribuo-regression-xgboost\4.3.0\tribuo-regression-xgboost-4.3.0.jar;C:\Users\james\.m2\repository\org\tribuo\tribuo-multilabel-core\4.3.0\tribuo-multilabel-core-4.3.0.jar;C:\Users\james\.m2\repository\org\tribuo\tribuo-multilabel-sgd\4.3.0\tribuo-multilabel-sgd-4.3.0.jar;C:\Users\james\.m2\repository\org\tribuo\tribuo-clustering-core\4.3.0\tribuo-clustering-core-4.3.0.jar;C:\Users\james\.m2\repository\org\tribuo\tribuo-clustering-kmeans\4.3.0\tribuo-clustering-kmeans-4.3.0.jar;C:\Users\james\.m2\repository\org\tribuo\tribuo-clustering-hdbscan\4.3.0\tribuo-clustering-hdbscan-4.3.0.jar;C:\Users\james\.m2\repository\org\tribuo\tribuo-anomaly-core\4.3.0\tribuo-anomaly-core-4.3.0.jar;C:\Users\james\.m2\repository\org\tribuo\tribuo-anomaly-liblinear\4.3.0\tribuo-anomaly-liblinear-4.3.0.jar;C:\Users\james\.m2\repository\org\tribuo\tribuo-anomaly-libsvm\4.3.0\tribuo-anomaly-libsvm-4.3.0.jar;C:\Users\james\.m2\repository\org\tribuo\tribuo-util-infotheory\4.3.0\tribuo-util-infotheory-4.3.0.jar;C:\Users\james\.m2\repository\org\tribuo\tribuo-util-onnx\4.3.0\tribuo-util-onnx-4.3.0.jar;C:\Users\james\.m2\repository\org\tribuo\tribuo-util-tokenization\4.3.0\tribuo-util-tokenization-4.3.0.jar;C:\Users\james\.m2\repository\com\oracle\labs\olcut\olcut-core\5.2.1\olcut-core-5.2.1.jar;C:\Users\james\.m2\repository\org\jline\jline-terminal\3.21.0\jline-terminal-3.21.0.jar;C:\Users\james\.m2\repository\org\jline\jline-reader\3.21.0\jline-reader-3.21.0.jar;C:\Users\james\.m2\repository\org\jline\jline-builtins\3.21.0\jline-builtins-3.21.0.jar;C:\Users\james\.m2\repository\org\jline\jline-style\3.21.0\jline-style-3.21.0.jar;C:\Users\james\.m2\repository\org\jline\jline-terminal-jansi\3.21.0\jline-terminal-jansi-3.21.0.jar;C:\Users\james\.m2\repository\org\fusesource\jansi\jansi\2.4.0\jansi-2.4.0.jar;"/>
    <property name="java.vm.vendor" value="Oracle Corporation"/>
    <property name="sun.arch.data.model" value="64"/>
    <property name="user.variant" value=""/>
    <property name="java.vendor.url" value="https://java.oracle.com/"/>
    <property name="user.timezone" value="Asia/Jakarta"/>
    <property name="os.name" value="Windows 10"/>
    <property name="java.vm.specification.version" value="17"/>
    <property name="sun.java.launcher" value="SUN_STANDARD"/>
    <property name="user.country" value="GB"/>
    <property name="sun.boot.library.path" value="C:\Program Files\Java\jdk-17.0.3.1\bin"/>
    <property name="sun.java.command" value="C:\Users\james\AppData\Local\Temp\surefire7752352871827320047\surefirebooter2100312845632230359.jar C:\Users\james\AppData\Local\Temp\surefire7752352871827320047 2023-01-05T13-09-30_423-jvmRun1 surefire6082471895000245957tmp surefire_011254314638108903384tmp"/>
    <property name="jdk.debug" value="release"/>
    <property name="surefire.test.class.path" value="C:\Users\james\Desktop\COOLYEAH\SISFO SEMESTER 3\PBO\tribuo-spring-oop\target\test-classes;C:\Users\james\Desktop\COOLYEAH\SISFO SEMESTER 3\PBO\tribuo-spring-oop\target\classes;C:\Users\james\.m2\repository\org\springframework\boot\spring-boot-starter-web\3.0.0\spring-boot-starter-web-3.0.0.jar;C:\Users\james\.m2\repository\org\springframework\boot\spring-boot-starter\3.0.0\spring-boot-starter-3.0.0.jar;C:\Users\james\.m2\repository\org\springframework\boot\spring-boot\3.0.0\spring-boot-3.0.0.jar;C:\Users\james\.m2\repository\org\springframework\boot\spring-boot-autoconfigure\3.0.0\spring-boot-autoconfigure-3.0.0.jar;C:\Users\james\.m2\repository\org\springframework\boot\spring-boot-starter-logging\3.0.0\spring-boot-starter-logging-3.0.0.jar;C:\Users\james\.m2\repository\ch\qos\logback\logback-classic\1.4.5\logback-classic-1.4.5.jar;C:\Users\james\.m2\repository\ch\qos\logback\logback-core\1.4.5\logback-core-1.4.5.jar;C:\Users\james\.m2\repository\org\apache\logging\log4j\log4j-to-slf4j\2.19.0\log4j-to-slf4j-2.19.0.jar;C:\Users\james\.m2\repository\org\apache\logging\log4j\log4j-api\2.19.0\log4j-api-2.19.0.jar;C:\Users\james\.m2\repository\org\slf4j\jul-to-slf4j\2.0.4\jul-to-slf4j-2.0.4.jar;C:\Users\james\.m2\repository\jakarta\annotation\jakarta.annotation-api\2.1.1\jakarta.annotation-api-2.1.1.jar;C:\Users\james\.m2\repository\org\yaml\snakeyaml\1.33\snakeyaml-1.33.jar;C:\Users\james\.m2\repository\org\springframework\boot\spring-boot-starter-json\3.0.0\spring-boot-starter-json-3.0.0.jar;C:\Users\james\.m2\repository\com\fasterxml\jackson\core\jackson-databind\2.14.1\jackson-databind-2.14.1.jar;C:\Users\james\.m2\repository\com\fasterxml\jackson\datatype\jackson-datatype-jdk8\2.14.1\jackson-datatype-jdk8-2.14.1.jar;C:\Users\james\.m2\repository\com\fasterxml\jackson\datatype\jackson-datatype-jsr310\2.14.1\jackson-datatype-jsr310-2.14.1.jar;C:\Users\james\.m2\repository\com\fasterxml\jackson\module\jackson-module-parameter-names\2.14.1\jackson-module-parameter-names-2.14.1.jar;C:\Users\james\.m2\repository\org\springframework\boot\spring-boot-starter-tomcat\3.0.0\spring-boot-starter-tomcat-3.0.0.jar;C:\Users\james\.m2\repository\org\apache\tomcat\embed\tomcat-embed-core\10.1.1\tomcat-embed-core-10.1.1.jar;C:\Users\james\.m2\repository\org\apache\tomcat\embed\tomcat-embed-el\10.1.1\tomcat-embed-el-10.1.1.jar;C:\Users\james\.m2\repository\org\apache\tomcat\embed\tomcat-embed-websocket\10.1.1\tomcat-embed-websocket-10.1.1.jar;C:\Users\james\.m2\repository\org\springframework\spring-web\6.0.2\spring-web-6.0.2.jar;C:\Users\james\.m2\repository\org\springframework\spring-beans\6.0.2\spring-beans-6.0.2.jar;C:\Users\james\.m2\repository\io\micrometer\micrometer-observation\1.10.2\micrometer-observation-1.10.2.jar;C:\Users\james\.m2\repository\io\micrometer\micrometer-commons\1.10.2\micrometer-commons-1.10.2.jar;C:\Users\james\.m2\repository\org\springframework\spring-webmvc\6.0.2\spring-webmvc-6.0.2.jar;C:\Users\james\.m2\repository\org\springframework\spring-aop\6.0.2\spring-aop-6.0.2.jar;C:\Users\james\.m2\repository\org\springframework\spring-context\6.0.2\spring-context-6.0.2.jar;C:\Users\james\.m2\repository\org\springframework\spring-expression\6.0.2\spring-expression-6.0.2.jar;C:\Users\james\.m2\repository\org\springframework\boot\spring-boot-starter-test\3.0.0\spring-boot-starter-test-3.0.0.jar;C:\Users\james\.m2\repository\org\springframework\boot\spring-boot-test\3.0.0\spring-boot-test-3.0.0.jar;C:\Users\james\.m2\repository\org\springframework\boot\spring-boot-test-autoconfigure\3.0.0\spring-boot-test-autoconfigure-3.0.0.jar;C:\Users\james\.m2\repository\com\jayway\jsonpath\json-path\2.7.0\json-path-2.7.0.jar;C:\Users\james\.m2\repository\net\minidev\json-smart\2.4.8\json-smart-2.4.8.jar;C:\Users\james\.m2\repository\net\minidev\accessors-smart\2.4.8\accessors-smart-2.4.8.jar;C:\Users\james\.m2\repository\org\ow2\asm\asm\9.1\asm-9.1.jar;C:\Users\james\.m2\repository\org\slf4j\slf4j-api\2.0.4\slf4j-api-2.0.4.jar;C:\Users\james\.m2\repository\jakarta\xml\bind\jakarta.xml.bind-api\4.0.0\jakarta.xml.bind-api-4.0.0.jar;C:\Users\james\.m2\repository\jakarta\activation\jakarta.activation-api\2.1.0\jakarta.activation-api-2.1.0.jar;C:\Users\james\.m2\repository\org\assertj\assertj-core\3.23.1\assertj-core-3.23.1.jar;C:\Users\james\.m2\repository\net\bytebuddy\byte-buddy\1.12.19\byte-buddy-1.12.19.jar;C:\Users\james\.m2\repository\org\hamcrest\hamcrest\2.2\hamcrest-2.2.jar;C:\Users\james\.m2\repository\org\junit\jupiter\junit-jupiter\5.9.1\junit-jupiter-5.9.1.jar;C:\Users\james\.m2\repository\org\junit\jupiter\junit-jupiter-api\5.9.1\junit-jupiter-api-5.9.1.jar;C:\Users\james\.m2\repository\org\opentest4j\opentest4j\1.2.0\opentest4j-1.2.0.jar;C:\Users\james\.m2\repository\org\junit\platform\junit-platform-commons\1.9.1\junit-platform-commons-1.9.1.jar;C:\Users\james\.m2\repository\org\apiguardian\apiguardian-api\1.1.2\apiguardian-api-1.1.2.jar;C:\Users\james\.m2\repository\org\junit\jupiter\junit-jupiter-params\5.9.1\junit-jupiter-params-5.9.1.jar;C:\Users\james\.m2\repository\org\junit\jupiter\junit-jupiter-engine\5.9.1\junit-jupiter-engine-5.9.1.jar;C:\Users\james\.m2\repository\org\junit\platform\junit-platform-engine\1.9.1\junit-platform-engine-1.9.1.jar;C:\Users\james\.m2\repository\org\mockito\mockito-core\4.8.1\mockito-core-4.8.1.jar;C:\Users\james\.m2\repository\net\bytebuddy\byte-buddy-agent\1.12.19\byte-buddy-agent-1.12.19.jar;C:\Users\james\.m2\repository\org\objenesis\objenesis\3.2\objenesis-3.2.jar;C:\Users\james\.m2\repository\org\mockito\mockito-junit-jupiter\4.8.1\mockito-junit-jupiter-4.8.1.jar;C:\Users\james\.m2\repository\org\skyscreamer\jsonassert\1.5.1\jsonassert-1.5.1.jar;C:\Users\james\.m2\repository\com\vaadin\external\google\android-json\0.0.20131108.vaadin1\android-json-0.0.20131108.vaadin1.jar;C:\Users\james\.m2\repository\org\springframework\spring-core\6.0.2\spring-core-6.0.2.jar;C:\Users\james\.m2\repository\org\springframework\spring-jcl\6.0.2\spring-jcl-6.0.2.jar;C:\Users\james\.m2\repository\org\springframework\spring-test\6.0.2\spring-test-6.0.2.jar;C:\Users\james\.m2\repository\org\xmlunit\xmlunit-core\2.9.0\xmlunit-core-2.9.0.jar;C:\Users\james\.m2\repository\org\springframework\boot\spring-boot-starter-thymeleaf\3.0.0\spring-boot-starter-thymeleaf-3.0.0.jar;C:\Users\james\.m2\repository\org\thymeleaf\thymeleaf-spring6\3.1.0.RELEASE\thymeleaf-spring6-3.1.0.RELEASE.jar;C:\Users\james\.m2\repository\org\thymeleaf\thymeleaf\3.1.0.RELEASE\thymeleaf-3.1.0.RELEASE.jar;C:\Users\james\.m2\repository\org\attoparser\attoparser\2.0.6.RELEASE\attoparser-2.0.6.RELEASE.jar;C:\Users\james\.m2\repository\org\unbescape\unbescape\1.1.6.RELEASE\unbescape-1.1.6.RELEASE.jar;C:\Users\james\.m2\repository\org\tribuo\tribuo-core\4.3.0\tribuo-core-4.3.0.jar;C:\Users\james\.m2\repository\com\oracle\labs\olcut\olcut-config-protobuf\5.2.1\olcut-config-protobuf-5.2.1.jar;C:\Users\james\.m2\repository\com\google\protobuf\protobuf-java\3.19.6\protobuf-java-3.19.6.jar;C:\Users\james\.m2\repository\org\tribuo\tribuo-data\4.3.0\tribuo-data-4.3.0.jar;C:\Users\james\.m2\repository\com\opencsv\opencsv\5.6\opencsv-5.6.jar;C:\Users\james\.m2\repository\org\apache\commons\commons-text\1.9\commons-text-1.9.jar;C:\Users\james\.m2\repository\commons-beanutils\commons-beanutils\1.9.4\commons-beanutils-1.9.4.jar;C:\Users\james\.m2\repository\commons-collections\commons-collections\3.2.2\commons-collections-3.2.2.jar;C:\Users\james\.m2\repository\org\apache\commons\commons-collections4\4.4\commons-collections4-4.4.jar;C:\Users\james\.m2\repository\org\apache\commons\commons-lang3\3.12.0\commons-lang3-3.12.0.jar;C:\Users\james\.m2\repository\org\tribuo\tribuo-json\4.3.0\tribuo-json-4.3.0.jar;C:\Users\james\.m2\repository\com\oracle\labs\olcut\olcut-config-json\5.2.1\olcut-config-json-5.2.1.jar;C:\Users\james\.m2\repository\com\fasterxml\jackson\core\jackson-core\2.14.1\jackson-core-2.14.1.jar;C:\Users\james\.m2\repository\com\fasterxml\jackson\core\jackson-annotations\2.14.1\jackson-annotations-2.14.1.jar;C:\Users\james\.m2\repository\org\tribuo\tribuo-math\4.3.0\tribuo-math-4.3.0.jar;C:\Users\james\.m2\repository\org\tribuo\tribuo-common-liblinear\4.3.0\tribuo-common-liblinear-4.3.0.jar;C:\Users\james\.m2\repository\de\bwaldvogel\liblinear\2.44\liblinear-2.44.jar;C:\Users\james\.m2\repository\org\tribuo\tribuo-common-libsvm\4.3.0\tribuo-common-libsvm-4.3.0.jar;C:\Users\james\.m2\repository\tw\edu\ntu\csie\libsvm\3.25\libsvm-3.25.jar;C:\Users\james\.m2\repository\org\tribuo\tribuo-common-nearest-neighbour\4.3.0\tribuo-common-nearest-neighbour-4.3.0.jar;C:\Users\james\.m2\repository\org\tribuo\tribuo-common-sgd\4.3.0\tribuo-common-sgd-4.3.0.jar;C:\Users\james\.m2\repository\org\tribuo\tribuo-common-tree\4.3.0\tribuo-common-tree-4.3.0.jar;C:\Users\james\.m2\repository\org\tribuo\tribuo-common-xgboost\4.3.0\tribuo-common-xgboost-4.3.0.jar;C:\Users\james\.m2\repository\ml\dmlc\xgboost4j_2.12\1.6.2\xgboost4j_2.12-1.6.2.jar;C:\Users\james\.m2\repository\com\esotericsoftware\kryo\4.0.2\kryo-4.0.2.jar;C:\Users\james\.m2\repository\com\esotericsoftware\reflectasm\1.11.3\reflectasm-1.11.3.jar;C:\Users\james\.m2\repository\com\esotericsoftware\minlog\1.3.0\minlog-1.3.0.jar;C:\Users\james\.m2\repository\commons-logging\commons-logging\1.2\commons-logging-1.2.jar;C:\Users\james\.m2\repository\org\tribuo\tribuo-interop-core\4.3.0\tribuo-interop-core-4.3.0.jar;C:\Users\james\.m2\repository\org\tribuo\tribuo-oci\4.3.0\tribuo-oci-4.3.0.jar;C:\Users\james\.m2\repository\com\oracle\oci\sdk\oci-java-sdk-datascience\2.46.0\oci-java-sdk-datascience-2.46.0.jar;C:\Users\james\.m2\repository\com\oracle\oci\sdk\oci-java-sdk-common\2.46.0\oci-java-sdk-common-2.46.0.jar;C:\Users\james\.m2\repository\com\google\guava\guava\31.0.1-jre\guava-31.0.1-jre.jar;C:\Users\james\.m2\repository\com\google\guava\failureaccess\1.0.1\failureaccess-1.0.1.jar;C:\Users\james\.m2\repository\com\google\guava\listenablefuture\9999.0-empty-to-avoid-conflict-with-guava\listenablefuture-9999.0-empty-to-avoid-conflict-with-guava.jar;C:\Users\james\.m2\repository\org\checkerframework\checker-qual\3.12.0\checker-qual-3.12.0.jar;C:\Users\james\.m2\repository\com\google\errorprone\error_prone_annotations\2.7.1\error_prone_annotations-2.7.1.jar;C:\Users\james\.m2\repository\com\google\j2objc\j2objc-annotations\1.3\j2objc-annotations-1.3.jar;C:\Users\james\.m2\repository\com\google\code\findbugs\jsr305\3.0.2\jsr305-3.0.2.jar;C:\Users\james\.m2\repository\org\glassfish\jersey\core\jersey-client\3.1.0\jersey-client-3.1.0.jar;C:\Users\james\.m2\repository\jakarta\inject\jakarta.inject-api\2.0.1\jakarta.inject-api-2.0.1.jar;C:\Users\james\.m2\repository\org\glassfish\jersey\core\jersey-common\3.1.0\jersey-common-3.1.0.jar;C:\Users\james\.m2\repository\org\glassfish\hk2\osgi-resource-locator\1.0.3\osgi-resource-locator-1.0.3.jar;C:\Users\james\.m2\repository\org\glassfish\jersey\media\jersey-media-json-jackson\3.1.0\jersey-media-json-jackson-3.1.0.jar;C:\Users\james\.m2\repository\org\glassfish\jersey\ext\jersey-entity-filtering\3.1.0\jersey-entity-filtering-3.1.0.jar;C:\Users\james\.m2\repository\com\fasterxml\jackson\module\jackson-module-jakarta-xmlbind-annotations\2.14.1\jackson-module-jakarta-xmlbind-annotations-2.14.1.jar;C:\Users\james\.m2\repository\org\bouncycastle\bcpkix-jdk15on\1.70\bcpkix-jdk15on-1.70.jar;C:\Users\james\.m2\repository\org\bouncycastle\bcutil-jdk15on\1.70\bcutil-jdk15on-1.70.jar;C:\Users\james\.m2\repository\org\bouncycastle\bcprov-jdk15on\1.70\bcprov-jdk15on-1.70.jar;C:\Users\james\.m2\repository\com\nimbusds\nimbus-jose-jwt\9.15.2\nimbus-jose-jwt-9.15.2.jar;C:\Users\james\.m2\repository\com\github\stephenc\jcip\jcip-annotations\1.0-1\jcip-annotations-1.0-1.jar;C:\Users\james\.m2\repository\io\github\resilience4j\resilience4j-circuitbreaker\1.7.1\resilience4j-circuitbreaker-1.7.1.jar;C:\Users\james\.m2\repository\io\vavr\vavr\0.10.2\vavr-0.10.2.jar;C:\Users\james\.m2\repository\io\vavr\vavr-match\0.10.2\vavr-match-0.10.2.jar;C:\Users\james\.m2\repository\io\github\resilience4j\resilience4j-core\1.7.1\resilience4j-core-1.7.1.jar;C:\Users\james\.m2\repository\com\oracle\oci\sdk\oci-java-sdk-circuitbreaker\2.46.0\oci-java-sdk-circuitbreaker-2.46.0.jar;C:\Users\james\.m2\repository\org\glassfish\jersey\inject\jersey-hk2\3.1.0\jersey-hk2-3.1.0.jar;C:\Users\james\.m2\repository\org\glassfish\hk2\hk2-locator\3.0.3\hk2-locator-3.0.3.jar;C:\Users\james\.m2\repository\org\glassfish\hk2\external\aopalliance-repackaged\3.0.3\aopalliance-repackaged-3.0.3.jar;C:\Users\james\.m2\repository\org\glassfish\hk2\hk2-api\3.0.3\hk2-api-3.0.3.jar;C:\Users\james\.m2\repository\org\glassfish\hk2\hk2-utils\3.0.3\hk2-utils-3.0.3.jar;C:\Users\james\.m2\repository\org\javassist\javassist\3.28.0-GA\javassist-3.28.0-GA.jar;C:\Users\james\.m2\repository\org\glassfish\jersey\connectors\jersey-apache-connector\3.1.0\jersey-apache-connector-3.1.0.jar;C:\Users\james\.m2\repository\org\apache\httpcomponents\httpclient\4.5.13\httpclient-4.5.13.jar;C:\Users\james\.m2\repository\org\apache\httpcomponents\httpcore\4.4.15\httpcore-4.4.15.jar;C:\Users\james\.m2\repository\javax\annotation\javax.annotation-api\1.3.2\javax.annotation-api-1.3.2.jar;C:\Users\james\.m2\repository\jakarta\ws\rs\jakarta.ws.rs-api\3.1.0\jakarta.ws.rs-api-3.1.0.jar;C:\Users\james\.m2\repository\commons-codec\commons-codec\1.15\commons-codec-1.15.jar;C:\Users\james\.m2\repository\org\tribuo\tribuo-onnx\4.3.0\tribuo-onnx-4.3.0.jar;C:\Users\james\.m2\repository\com\microsoft\onnxruntime\onnxruntime\1.12.1\onnxruntime-1.12.1.jar;C:\Users\james\.m2\repository\org\tribuo\tribuo-tensorflow\4.3.0\tribuo-tensorflow-4.3.0.jar;C:\Users\james\.m2\repository\org\tensorflow\tensorflow-core-api\0.4.2\tensorflow-core-api-0.4.2.jar;C:\Users\james\.m2\repository\org\bytedeco\javacpp\1.5.6\javacpp-1.5.6.jar;C:\Users\james\.m2\repository\org\tensorflow\ndarray\0.3.3\ndarray-0.3.3.jar;C:\Users\james\.m2\repository\org\tensorflow\tensorflow-core-platform\0.4.2\tensorflow-core-platform-0.4.2.jar;C:\Users\james\.m2\repository\org\bytedeco\javacpp\1.5.6\javacpp-1.5.6-linux-x86_64.jar;C:\Users\james\.m2\repository\org\bytedeco\javacpp\1.5.6\javacpp-1.5.6-macosx-x86_64.jar;C:\Users\james\.m2\repository\org\bytedeco\javacpp\1.5.6\javacpp-1.5.6-windows-x86_64.jar;C:\Users\james\.m2\repository\org\tensorflow\tensorflow-core-api\0.4.2\tensorflow-core-api-0.4.2-linux-x86_64.jar;C:\Users\james\.m2\repository\org\tensorflow\tensorflow-core-api\0.4.2\tensorflow-core-api-0.4.2-macosx-x86_64.jar;C:\Users\james\.m2\repository\org\tensorflow\tensorflow-core-api\0.4.2\tensorflow-core-api-0.4.2-windows-x86_64.jar;C:\Users\james\.m2\repository\org\tensorflow\tensorflow-framework\0.4.2\tensorflow-framework-0.4.2.jar;C:\Users\james\.m2\repository\org\tribuo\tribuo-classification-core\4.3.0\tribuo-classification-core-4.3.0.jar;C:\Users\james\.m2\repository\org\tribuo\tribuo-classification-tree\4.3.0\tribuo-classification-tree-4.3.0.jar;C:\Users\james\.m2\repository\org\tribuo\tribuo-classification-experiments\4.3.0\tribuo-classification-experiments-4.3.0.jar;C:\Users\james\.m2\repository\org\tribuo\tribuo-classification-explanations\4.3.0\tribuo-classification-explanations-4.3.0.jar;C:\Users\james\.m2\repository\org\tribuo\tribuo-classification-fs\4.3.0\tribuo-classification-fs-4.3.0.jar;C:\Users\james\.m2\repository\org\tribuo\tribuo-classification-liblinear\4.3.0\tribuo-classification-liblinear-4.3.0.jar;C:\Users\james\.m2\repository\org\tribuo\tribuo-classification-libsvm\4.3.0\tribuo-classification-libsvm-4.3.0.jar;C:\Users\james\.m2\repository\org\tribuo\tribuo-classification-mnnaivebayes\4.3.0\tribuo-classification-mnnaivebayes-4.3.0.jar;C:\Users\james\.m2\repository\org\tribuo\tribuo-classification-sgd\4.3.0\tribuo-classification-sgd-4.3.0.jar;C:\Users\james\.m2\repository\org\tribuo\tribuo-classification-xgboost\4.3.0\tribuo-classification-xgboost-4.3.0.jar;C:\Users\james\.m2\repository\org\tribuo\tribuo-regression-core\4.3.0\tribuo-regression-core-4.3.0.jar;C:\Users\james\.m2\repository\org\tribuo\tribuo-regression-liblinear\4.3.0\tribuo-regression-liblinear-4.3.0.jar;C:\Users\james\.m2\repository\org\tribuo\tribuo-regression-libsvm\4.3.0\tribuo-regression-libsvm-4.3.0.jar;C:\Users\james\.m2\repository\org\tribuo\tribuo-regression-sgd\4.3.0\tribuo-regression-sgd-4.3.0.jar;C:\Users\james\.m2\repository\org\tribuo\tribuo-regression-slm\4.3.0\tribuo-regression-slm-4.3.0.jar;C:\Users\james\.m2\repository\org\tribuo\tribuo-regression-tree\4.3.0\tribuo-regression-tree-4.3.0.jar;C:\Users\james\.m2\repository\org\tribuo\tribuo-regression-xgboost\4.3.0\tribuo-regression-xgboost-4.3.0.jar;C:\Users\james\.m2\repository\org\tribuo\tribuo-multilabel-core\4.3.0\tribuo-multilabel-core-4.3.0.jar;C:\Users\james\.m2\repository\org\tribuo\tribuo-multilabel-sgd\4.3.0\tribuo-multilabel-sgd-4.3.0.jar;C:\Users\james\.m2\repository\org\tribuo\tribuo-clustering-core\4.3.0\tribuo-clustering-core-4.3.0.jar;C:\Users\james\.m2\repository\org\tribuo\tribuo-clustering-kmeans\4.3.0\tribuo-clustering-kmeans-4.3.0.jar;C:\Users\james\.m2\repository\org\tribuo\tribuo-clustering-hdbscan\4.3.0\tribuo-clustering-hdbscan-4.3.0.jar;C:\Users\james\.m2\repository\org\tribuo\tribuo-anomaly-core\4.3.0\tribuo-anomaly-core-4.3.0.jar;C:\Users\james\.m2\repository\org\tribuo\tribuo-anomaly-liblinear\4.3.0\tribuo-anomaly-liblinear-4.3.0.jar;C:\Users\james\.m2\repository\org\tribuo\tribuo-anomaly-libsvm\4.3.0\tribuo-anomaly-libsvm-4.3.0.jar;C:\Users\james\.m2\repository\org\tribuo\tribuo-util-infotheory\4.3.0\tribuo-util-infotheory-4.3.0.jar;C:\Users\james\.m2\repository\org\tribuo\tribuo-util-onnx\4.3.0\tribuo-util-onnx-4.3.0.jar;C:\Users\james\.m2\repository\org\tribuo\tribuo-util-tokenization\4.3.0\tribuo-util-tokenization-4.3.0.jar;C:\Users\james\.m2\repository\com\oracle\labs\olcut\olcut-core\5.2.1\olcut-core-5.2.1.jar;C:\Users\james\.m2\repository\org\jline\jline-terminal\3.21.0\jline-terminal-3.21.0.jar;C:\Users\james\.m2\repository\org\jline\jline-reader\3.21.0\jline-reader-3.21.0.jar;C:\Users\james\.m2\repository\org\jline\jline-builtins\3.21.0\jline-builtins-3.21.0.jar;C:\Users\james\.m2\repository\org\jline\jline-style\3.21.0\jline-style-3.21.0.jar;C:\Users\james\.m2\repository\org\jline\jline-terminal-jansi\3.21.0\jline-terminal-jansi-3.21.0.jar;C:\Users\james\.m2\repository\org\fusesource\jansi\jansi\2.4.0\jansi-2.4.0.jar;"/>
    <property name="sun.cpu.endian" value="little"/>
    <property name="user.home" value="C:\Users\james"/>
    <property name="user.language" value="en"/>
    <property name="java.specification.vendor" value="Oracle Corporation"/>
    <property name="java.version.date" value="2022-04-22"/>
    <property name="java.home" value="C:\Program Files\Java\jdk-17.0.3.1"/>
    <property name="file.separator" value="\"/>
    <property name="basedir" value="C:\Users\james\Desktop\COOLYEAH\SISFO SEMESTER 3\PBO\tribuo-spring-oop"/>
    <property name="java.vm.compressedOopsMode" value="Zero based"/>
    <property name="line.separator" value="&#10;"/>
    <property name="java.vm.specification.vendor" value="Oracle Corporation"/>
    <property name="java.specification.name" value="Java Platform API Specification"/>
    <property name="surefire.real.class.path" value="C:\Users\james\AppData\Local\Temp\surefire7752352871827320047\surefirebooter2100312845632230359.jar"/>
    <property name="user.script" value=""/>
    <property name="sun.management.compiler" value="HotSpot 64-Bit Tiered Compilers"/>
    <property name="java.runtime.version" value="17.0.3.1+2-LTS-6"/>
    <property name="user.name" value="James"/>
    <property name="path.separator" value=";"/>
    <property name="os.version" value="10.0"/>
    <property name="java.runtime.name" value="Java(TM) SE Runtime Environment"/>
    <property name="file.encoding" value="Cp1252"/>
    <property name="java.vm.name" value="Java HotSpot(TM) 64-Bit Server VM"/>
    <property name="localRepository" value="C:\Users\james\.m2\repository"/>
    <property name="java.vendor.url.bug" value="https://bugreport.java.com/bugreport/"/>
    <property name="java.io.tmpdir" value="C:\Users\james\AppData\Local\Temp\"/>
    <property name="java.version" value="17.0.3.1"/>
    <property name="user.dir" value="C:\Users\james\Desktop\COOLYEAH\SISFO SEMESTER 3\PBO\tribuo-spring-oop"/>
    <property name="os.arch" value="amd64"/>
    <property name="java.vm.specification.name" value="Java Virtual Machine Specification"/>
    <property name="sun.os.patch.level" value=""/>
    <property name="native.encoding" value="Cp1252"/>
    <property name="java.library.path" value="C:\Program Files\Java\jdk-17.0.3.1\bin;C:\Windows\Sun\Java\bin;C:\Windows\system32;C:\Windows;C:\Program Files\Common Files\Oracle\Java\javapath;C:\Program Files (x86)\Common Files\Oracle\Java\javapath;C:\Windows\system32;C:\Windows;C:\Windows\System32\Wbem;C:\Windows\System32\WindowsPowerShell\v1.0\;C:\Windows\System32\OpenSSH\;C:\Program Files\Microsoft SQL Server\130\Tools\Binn\;C:\Program Files\Cloudflare\Cloudflare WARP;C:\ProgramData\ComposerSetup\bin;C:\Program Files\nodejs\;C:\ProgramData\chocolatey\bin;C:\Program Files\dotnet\;C:\Users\james\anaconda3\Scripts;C:\Program Files\Git\cmd;C:\Program Files\Docker\Docker\resources\bin;C:\Program Files\Java\apache-maven-3.8.6\bin;C:\Users\james\AppData\Local\Programs\Python\Python310\Scripts\;C:\Users\james\AppData\Local\Programs\Python\Python310\;C:\Program Files\MySQL\MySQL Shell 8.0\bin\;C:\Users\james\AppData\Local\Microsoft\WindowsApps;C:\Program Files (x86)\Nmap;C:\Users\james\AppData\Local\Programs\Microsoft VS Code\bin;C:\php;C:\Users\james\AppData\Local\GitHubDesktop\bin;C:\Users\james\AppData\Roaming\Composer\vendor\bin;C:\Users\james\AppData\Roaming\npm;C:\Users\james\AppData\Roaming\Composer\vendor\bin;C:\Program Files\JetBrains\IntelliJ IDEA 2022.1.2\bin;;;."/>
    <property name="java.vm.info" value="mixed mode, sharing"/>
    <property name="java.vendor" value="Oracle Corporation"/>
    <property name="java.vm.version" value="17.0.3.1+2-LTS-6"/>
    <property name="sun.io.unicode.encoding" value="UnicodeLittle"/>
    <property name="java.class.version" value="61.0"/>
  </properties>
  <testcase name="contextLoads" classname="com.ingeniom22.tugasbesarpbo.TugasbesarpboApplicationTests" time="4.906"/>
</testsuite>